d:\ocr_test\ocr\x64\debug\vc141.pdb
d:\ocr_test\ocr\x64\debug\vc141.idb
d:\ocr_test\ocr\x64\debug\tesseract.obj
d:\ocr_test\ocr\x64\debug\main.obj
d:\tesseract-ocr\x64\debug\vc141.pdb
d:\tesseract-ocr\x64\debug\vc141.idb
d:\tesseract-ocr\x64\debug\tesseract.obj
d:\tesseract-ocr\x64\debug\main.obj
d:\ocr_test\ocr\x64\debug\ocr.exe
d:\ocr_test\ocr\x64\debug\ocr.ilk
d:\ocr_test\ocr\x64\debug\ocr.pdb
d:\tesseract-ocr\x64\debug\ocr.pdb
d:\tesseract-ocr\x64\debug\ocr.exe
d:\tesseract-ocr\x64\debug\ocr.tlog\cl.command.1.tlog
d:\tesseract-ocr\x64\debug\ocr.tlog\cl.read.1.tlog
d:\tesseract-ocr\x64\debug\ocr.tlog\cl.write.1.tlog
d:\tesseract-ocr\x64\debug\ocr.tlog\link.446252.read.1.tlog
d:\tesseract-ocr\x64\debug\ocr.tlog\link.446252.write.1.tlog
d:\tesseract-ocr\x64\debug\ocr.tlog\link.command.1.tlog
d:\tesseract-ocr\x64\debug\ocr.tlog\link.read.1.tlog
d:\tesseract-ocr\x64\debug\ocr.tlog\link.write.1.tlog
